react time is 852
react time is 845
react time is 757
react time is 700
react time is 704
react time is 631
react time is 605
react time is 599
react time is 564
react time is 530
react time is 487
react time is 467
react time is 654
react time is 551
react time is 488
react time is 488
react time is 442
react time is 446
react time is 472
react time is 404
react time is 435
react time is 451
react time is 462
react time is 493
react time is 467
react time is 488
react time is 495
react time is 553
react time is 492
react time is 562
react time is 484
react time is 450
react time is 447
react time is 539
react time is 472
react time is 504
react time is 585
react time is 591
react time is 511
react time is 534
react time is 519
react time is 498
react time is 435
react time is 399
react time is 453
react time is 449
react time is 490
react time is 476
react time is 492
react time is 495
react time is 597
react time is 473
react time is 494
react time is 413
react time is 427
react time is 529
react time is 464
react time is 516
react time is 346
react time is 375
react time is 595
react time is 527
react time is 442
react time is 374
react time is 397
react time is 603
react time is 691
react time is 455
react time is 597
react time is 620
react time is 542
react time is 587
react time is 613
react time is 705
react time is 696
react time is 580
react time is 522
react time is 464
react time is 571
react time is 553
react time is 637
react time is 646
react time is 651
react time is 608
react time is 615
react time is 640
react time is 597
react time is 671
react time is 664
react time is 756
react time is 757
react time is 673
react time is 632
react time is 670
react time is 522
react time is 663
react time is 500
react time is 449
react time is 550
react time is 537
react time is 630
react time is 569
react time is 478
react time is 592
react time is 733
react time is 673
react time is 598
react time is 435
react time is 523
react time is 577
react time is 644
react time is 576
react time is 553
react time is 614
react time is 444
react time is 592
react time is 573
react time is 465
react time is 479
react time is 476
react time is 689
react time is 656
react time is 531
react time is 663
react time is 637
react time is 714
react time is 648
react time is 678
react time is 694
react time is 578
react time is 574
react time is 555
react time is 576
react time is 653
react time is 709
react time is 778
react time is 774
react time is 787
react time is 705
react time is 716
react time is 705
react time is 551
react time is 491
react time is 629
react time is 595
react time is 526
react time is 563
react time is 442
react time is 470
react time is 505
react time is 519
react time is 582
react time is 402
react time is 334
react time is 361
react time is 413
react time is 377
react time is 302
react time is 450
react time is 382
react time is 450
react time is 411
react time is 413
react time is 401
react time is 629
react time is 653
react time is 459
react time is 423
react time is 303
react time is 320
react time is 356
react time is 540
react time is 426
react time is 564
react time is 491
react time is 386
react time is 374
react time is 345
react time is 542
react time is 491
react time is 677
react time is 509
react time is 437
react time is 666
react time is 712
react time is 676
react time is 642
react time is 687
react time is 740
react time is 641
react time is 620
react time is 704
react time is 846
react time is 710
react time is 660
react time is 599
react time is 619
react time is 545
react time is 519
react time is 599
react time is 595
react time is 591
react time is 533
react time is 492
react time is 521
react time is 600
react time is 506
react time is 421
react time is 499
react time is 578
react time is 468
react time is 646
react time is 470
react time is 505
react time is 562
react time is 452
react time is 586
react time is 614
react time is 582
react time is 556
react time is 641
react time is 633
react time is 530
react time is 621
react time is 571
react time is 564
react time is 536
react time is 501
react time is 602
react time is 694
react time is 573
react time is 538
react time is 511
react time is 580
react time is 573
react time is 824
react time is 578
react time is 639
react time is 624
react time is 741
react time is 709
react time is 617
react time is 571
react time is 521
react time is 644
react time is 574
react time is 580
react time is 555
react time is 597
react time is 542
react time is 533
react time is 564
react time is 710
react time is 711
react time is 686
react time is 675
react time is 655
react time is 583
react time is 636
react time is 485
react time is 434
react time is 489
react time is 557
react time is 434
react time is 502
react time is 409
react time is 412
react time is 481
react time is 533
react time is 618
react time is 558
react time is 430
react time is 412
react time is 394
react time is 266
react time is 437
react time is 318
react time is 485
react time is 393
react time is 398
react time is 419
react time is 447
react time is 518
react time is 638
react time is 562
react time is 446
react time is 579
react time is 677
react time is 427
react time is 655
react time is 612
react time is 394
react time is 488
react time is 514
react time is 605
react time is 450
react time is 452
react time is 563
react time is 442
react time is 488
the number of high frequency(11) is 51
the number of low frequency(22) is 249
the response accuracy of high frequency(11) is 1.0
the response accuracy of low frequency(22) is 1.0
the average of reaction time of high frequency(11) is 519.843137254902
the average of reaction time of low frequency(22) is 555.6586345381526
